{"/home/elsilva/pratica/Nodejs/nodejs_apis/tests/test-simples/test/modulos_mat.js": {"path":"/home/elsilva/pratica/Nodejs/nodejs_apis/tests/test-simples/test/modulos_mat.js","statementMap":{"0":{"start":{"line":1,"column":14},"end":{"line":1,"column":35}},"1":{"start":{"line":2,"column":19},"end":{"line":2,"column":45}},"2":{"start":{"line":3,"column":19},"end":{"line":3,"column":45}},"3":{"start":{"line":4,"column":17},"end":{"line":4,"column":41}},"4":{"start":{"line":6,"column":0},"end":{"line":11,"column":1}}},"fnMap":{},"branchMap":{},"s":{"0":1,"1":1,"2":1,"3":1,"4":1},"f":{},"b":{},"_coverageSchema":"1a1c01bbd47fc00a2c39e90264f33305004495a9","hash":"153c5e9d56cffc3a7751a96e3b50580681f4a570"}
,"/home/elsilva/pratica/Nodejs/nodejs_apis/tests/test-simples/test/calc/divide.js": {"path":"/home/elsilva/pratica/Nodejs/nodejs_apis/tests/test-simples/test/calc/divide.js","statementMap":{"0":{"start":{"line":1,"column":0},"end":{"line":3,"column":1}},"1":{"start":{"line":2,"column":4},"end":{"line":2,"column":17}}},"fnMap":{"0":{"name":"(anonymous_0)","decl":{"start":{"line":1,"column":24},"end":{"line":1,"column":25}},"loc":{"start":{"line":1,"column":34},"end":{"line":3,"column":1}},"line":1}},"branchMap":{},"s":{"0":1,"1":1},"f":{"0":1},"b":{},"_coverageSchema":"1a1c01bbd47fc00a2c39e90264f33305004495a9","hash":"213af4f365c6a16595bc6f17982cebf6b18484e5"}
,"/home/elsilva/pratica/Nodejs/nodejs_apis/tests/test-simples/test/calc/multiply.js": {"path":"/home/elsilva/pratica/Nodejs/nodejs_apis/tests/test-simples/test/calc/multiply.js","statementMap":{"0":{"start":{"line":1,"column":0},"end":{"line":3,"column":1}},"1":{"start":{"line":2,"column":4},"end":{"line":2,"column":17}}},"fnMap":{"0":{"name":"(anonymous_0)","decl":{"start":{"line":1,"column":26},"end":{"line":1,"column":27}},"loc":{"start":{"line":1,"column":36},"end":{"line":3,"column":1}},"line":1}},"branchMap":{},"s":{"0":1,"1":1},"f":{"0":1},"b":{},"_coverageSchema":"1a1c01bbd47fc00a2c39e90264f33305004495a9","hash":"14ffe629766b947b7c2a8776de09777758131ebe"}
,"/home/elsilva/pratica/Nodejs/nodejs_apis/tests/test-simples/test/calc/subtract.js": {"path":"/home/elsilva/pratica/Nodejs/nodejs_apis/tests/test-simples/test/calc/subtract.js","statementMap":{"0":{"start":{"line":1,"column":0},"end":{"line":3,"column":1}},"1":{"start":{"line":2,"column":4},"end":{"line":2,"column":17}}},"fnMap":{"0":{"name":"(anonymous_0)","decl":{"start":{"line":1,"column":26},"end":{"line":1,"column":27}},"loc":{"start":{"line":1,"column":36},"end":{"line":3,"column":1}},"line":1}},"branchMap":{},"s":{"0":1,"1":1},"f":{"0":1},"b":{},"_coverageSchema":"1a1c01bbd47fc00a2c39e90264f33305004495a9","hash":"76ff7503285d4ba07fd0307e84fec174602e98ba"}
,"/home/elsilva/pratica/Nodejs/nodejs_apis/tests/test-simples/test/calc/sum.js": {"path":"/home/elsilva/pratica/Nodejs/nodejs_apis/tests/test-simples/test/calc/sum.js","statementMap":{"0":{"start":{"line":1,"column":0},"end":{"line":3,"column":1}},"1":{"start":{"line":2,"column":4},"end":{"line":2,"column":17}}},"fnMap":{"0":{"name":"(anonymous_0)","decl":{"start":{"line":1,"column":21},"end":{"line":1,"column":22}},"loc":{"start":{"line":1,"column":31},"end":{"line":3,"column":1}},"line":1}},"branchMap":{},"s":{"0":1,"1":1},"f":{"0":1},"b":{},"_coverageSchema":"1a1c01bbd47fc00a2c39e90264f33305004495a9","hash":"6f0a8fa42da1330bc04a3881d4bd0a6442561498"}
}
