{"/home/elsilva/pratica/Nodejs/nodejs_apis/tests/test-simples/src/modulos_mat.js": {"path":"/home/elsilva/pratica/Nodejs/nodejs_apis/tests/test-simples/src/modulos_mat.js","statementMap":{"0":{"start":{"line":1,"column":14},"end":{"line":1,"column":34}},"1":{"start":{"line":2,"column":19},"end":{"line":2,"column":44}},"2":{"start":{"line":3,"column":19},"end":{"line":3,"column":44}},"3":{"start":{"line":4,"column":17},"end":{"line":4,"column":40}},"4":{"start":{"line":6,"column":0},"end":{"line":11,"column":1}}},"fnMap":{},"branchMap":{},"s":{"0":1,"1":1,"2":1,"3":1,"4":1},"f":{},"b":{},"_coverageSchema":"1a1c01bbd47fc00a2c39e90264f33305004495a9","hash":"1673964f61436baddcf10c84351318f942648d22"}
,"/home/elsilva/pratica/Nodejs/nodejs_apis/tests/test-simples/src/app/divide.js": {"path":"/home/elsilva/pratica/Nodejs/nodejs_apis/tests/test-simples/src/app/divide.js","statementMap":{"0":{"start":{"line":1,"column":0},"end":{"line":3,"column":1}},"1":{"start":{"line":2,"column":4},"end":{"line":2,"column":17}}},"fnMap":{"0":{"name":"(anonymous_0)","decl":{"start":{"line":1,"column":24},"end":{"line":1,"column":25}},"loc":{"start":{"line":1,"column":34},"end":{"line":3,"column":1}},"line":1}},"branchMap":{},"s":{"0":1,"1":1},"f":{"0":1},"b":{},"_coverageSchema":"1a1c01bbd47fc00a2c39e90264f33305004495a9","hash":"3c98eedd981d6838c13192b603f54fb5b6a76c5c"}
,"/home/elsilva/pratica/Nodejs/nodejs_apis/tests/test-simples/src/app/multiply.js": {"path":"/home/elsilva/pratica/Nodejs/nodejs_apis/tests/test-simples/src/app/multiply.js","statementMap":{"0":{"start":{"line":1,"column":0},"end":{"line":3,"column":1}},"1":{"start":{"line":2,"column":4},"end":{"line":2,"column":17}}},"fnMap":{"0":{"name":"(anonymous_0)","decl":{"start":{"line":1,"column":26},"end":{"line":1,"column":27}},"loc":{"start":{"line":1,"column":36},"end":{"line":3,"column":1}},"line":1}},"branchMap":{},"s":{"0":1,"1":1},"f":{"0":1},"b":{},"_coverageSchema":"1a1c01bbd47fc00a2c39e90264f33305004495a9","hash":"df1a8a1a342681121c7b4ae744bb7693d1062d75"}
,"/home/elsilva/pratica/Nodejs/nodejs_apis/tests/test-simples/src/app/subtract.js": {"path":"/home/elsilva/pratica/Nodejs/nodejs_apis/tests/test-simples/src/app/subtract.js","statementMap":{"0":{"start":{"line":1,"column":0},"end":{"line":3,"column":1}},"1":{"start":{"line":2,"column":4},"end":{"line":2,"column":17}}},"fnMap":{"0":{"name":"(anonymous_0)","decl":{"start":{"line":1,"column":26},"end":{"line":1,"column":27}},"loc":{"start":{"line":1,"column":36},"end":{"line":3,"column":1}},"line":1}},"branchMap":{},"s":{"0":1,"1":1},"f":{"0":1},"b":{},"_coverageSchema":"1a1c01bbd47fc00a2c39e90264f33305004495a9","hash":"342857e7df17271762622e2cbaa9d2e2d420281a"}
,"/home/elsilva/pratica/Nodejs/nodejs_apis/tests/test-simples/src/app/sum.js": {"path":"/home/elsilva/pratica/Nodejs/nodejs_apis/tests/test-simples/src/app/sum.js","statementMap":{"0":{"start":{"line":1,"column":0},"end":{"line":3,"column":1}},"1":{"start":{"line":2,"column":4},"end":{"line":2,"column":17}}},"fnMap":{"0":{"name":"(anonymous_0)","decl":{"start":{"line":1,"column":21},"end":{"line":1,"column":22}},"loc":{"start":{"line":1,"column":31},"end":{"line":3,"column":1}},"line":1}},"branchMap":{},"s":{"0":1,"1":1},"f":{"0":1},"b":{},"_coverageSchema":"1a1c01bbd47fc00a2c39e90264f33305004495a9","hash":"33cb2ed2672514b1435193277df382f593d62cc9"}
,"/home/elsilva/pratica/Nodejs/nodejs_apis/tests/test-simples/src/server/server.js": {"path":"/home/elsilva/pratica/Nodejs/nodejs_apis/tests/test-simples/src/server/server.js","statementMap":{"0":{"start":{"line":1,"column":16},"end":{"line":1,"column":34}},"1":{"start":{"line":2,"column":12},"end":{"line":2,"column":21}},"2":{"start":{"line":3,"column":12},"end":{"line":3,"column":16}},"3":{"start":{"line":5,"column":0},"end":{"line":7,"column":2}},"4":{"start":{"line":6,"column":4},"end":{"line":6,"column":39}},"5":{"start":{"line":9,"column":0},"end":{"line":9,"column":20}}},"fnMap":{"0":{"name":"(anonymous_0)","decl":{"start":{"line":5,"column":13},"end":{"line":5,"column":14}},"loc":{"start":{"line":5,"column":27},"end":{"line":7,"column":1}},"line":5}},"branchMap":{},"s":{"0":1,"1":1,"2":1,"3":1,"4":2,"5":1},"f":{"0":2},"b":{},"_coverageSchema":"1a1c01bbd47fc00a2c39e90264f33305004495a9","hash":"491ee2d7ac620b8c7da3546200a6235f41effd74"}
}
